<?xml version="1.0" encoding="UTF-8"?>
<!-- Generated by org.testng.reporters.JUnitReportReporter -->
<testsuite hostname="DESKTOP-QUCBIS3" failures="0" tests="4" name="com.zseleniumtvswebapplication.testrunner.TestRunner" time="953.122" errors="0" timestamp="2025-07-30T17:11:07 IST" skipped="0">
  <testcase classname="com.zseleniumtvswebapplication.testrunner.TestRunner" name="runScenario" time="250.335"/>
  <testcase classname="com.zseleniumtvswebapplication.testrunner.TestRunner" name="runScenario" time="251.004"/>
  <testcase classname="com.zseleniumtvswebapplication.testrunner.TestRunner" name="runScenario" time="250.567"/>
  <testcase classname="com.zseleniumtvswebapplication.testrunner.TestRunner" name="runScenario" time="201.216"/>
</testsuite> <!-- com.zseleniumtvswebapplication.testrunner.TestRunner -->
