<?xml version="1.0" encoding="UTF-8"?>
<!-- Generated by org.testng.reporters.JUnitReportReporter -->
<testsuite hostname="DESKTOP-QUCBIS3" failures="0" tests="3" name="com.zseleniumtvswebapplication.testrunner.TestRunner" time="237.307" errors="0" timestamp="2025-07-03T18:08:38 IST" skipped="0">
  <testcase classname="com.zseleniumtvswebapplication.testrunner.TestRunner" name="runScenario" time="81.898"/>
  <testcase classname="com.zseleniumtvswebapplication.testrunner.TestRunner" name="runScenario" time="77.705"/>
  <testcase classname="com.zseleniumtvswebapplication.testrunner.TestRunner" name="runScenario" time="77.704"/>
</testsuite> <!-- com.zseleniumtvswebapplication.testrunner.TestRunner -->
