<?xml version="1.0" encoding="UTF-8"?>
<!-- Generated by org.testng.reporters.JUnitReportReporter -->
<testsuite hostname="DESKTOP-QUCBIS3" failures="0" tests="2" name="com.zseleniumtvswebapplication.testrunner.TestRunner" time="155.402" errors="0" timestamp="2025-07-08T23:12:54 IST" skipped="0">
  <testcase classname="com.zseleniumtvswebapplication.testrunner.TestRunner" name="runScenario" time="77.699"/>
  <testcase classname="com.zseleniumtvswebapplication.testrunner.TestRunner" name="runScenario" time="77.703"/>
</testsuite> <!-- com.zseleniumtvswebapplication.testrunner.TestRunner -->
