<?xml version="1.0" encoding="UTF-8"?>
<!-- Generated by org.testng.reporters.JUnitReportReporter -->
<testsuite hostname="DESKTOP-QUCBIS3" failures="0" tests="1" name="com.zseleniumtvswebapplication.testrunner.TestRunner" time="45.693" errors="0" timestamp="2025-08-08T16:48:42 IST" skipped="0">
  <testcase classname="com.zseleniumtvswebapplication.testrunner.TestRunner" name="runScenario" time="45.693"/>
</testsuite> <!-- com.zseleniumtvswebapplication.testrunner.TestRunner -->
