<?xml version="1.0" encoding="UTF-8"?>
<!-- Generated by org.testng.reporters.JUnitReportReporter -->
<testsuite hostname="DESKTOP-QUCBIS3" failures="0" tests="2" name="com.zseleniumtvswebapplication.testrunner.TestRunner" time="135.000" errors="0" timestamp="2025-07-24T15:20:17 IST" skipped="0">
  <testcase classname="com.zseleniumtvswebapplication.testrunner.TestRunner" name="runScenario" time="65.231"/>
  <testcase classname="com.zseleniumtvswebapplication.testrunner.TestRunner" name="runScenario" time="69.769"/>
</testsuite> <!-- com.zseleniumtvswebapplication.testrunner.TestRunner -->
