<?xml version="1.0" encoding="UTF-8"?>
<!-- Generated by org.testng.reporters.JUnitReportReporter -->
<testsuite hostname="DESKTOP-QUCBIS3" failures="0" tests="2" name="com.zseleniumtvswebapplication.testrunner.TestRunner" time="111.895" errors="0" timestamp="2025-07-07T15:18:56 IST" skipped="0">
  <testcase classname="com.zseleniumtvswebapplication.testrunner.TestRunner" name="runScenario" time="58.872"/>
  <testcase classname="com.zseleniumtvswebapplication.testrunner.TestRunner" name="runScenario" time="53.023"/>
</testsuite> <!-- com.zseleniumtvswebapplication.testrunner.TestRunner -->
